<?xml version="1.0" encoding="UTF-8"?>
<testsuite name="com.demowebshop.test.CreateAccountTests" tests="1" skipped="0" failures="0" errors="0" timestamp="2025-04-19T19:34:36" hostname="ASUS_16" time="2.245">
  <properties/>
  <testcase name="newUserRegistrationPositiveTest" classname="com.demowebshop.test.CreateAccountTests" time="2.245"/>
  <system-out><![CDATA[]]></system-out>
  <system-err><![CDATA[]]></system-err>
</testsuite>
